# JRE version: OpenJDK Runtime Environment (16.0.2+7) (build 16.0.2+7-67)
# Java VM: OpenJDK 64-Bit Server VM (16.0.2+7-67, mixed mode, tiered, compressed oops, compressed class ptrs, g1 gc, windows-amd64)
GC Precious Log:
 CPUs: 8 total, 8 available
 Memory: 8022M
 Large Page Support: Disabled
 NUMA Support: Disabled
 Compressed Oops: Enabled (32-bit)
 Heap Region Size: 1M
 Heap Min Capacity: 8M
 Heap Initial Capacity: 126M
 Heap Max Capacity: 2006M
 Pre-touch: Disabled
 Parallel Workers: 8
 Concurrent Workers: 2
 Concurrent Refinement Workers: 8
 Periodic GC: Disabled
Heap:
 garbage-first heap   total 61440K, used 48388K [0x0000000082a00000, 0x0000000100000000)
  region size 1024K, 14 young (14336K), 1 survivors (1024K)
 Metaspace       used 38159K, committed 38400K, reserved 1089536K
  class space    used 4296K, committed 4416K, reserved 1048576K
GC Heap History (17 events):
Event: 0.759 GC heap before
{Heap before GC invocations=0 (full 0):
 garbage-first heap   total 129024K, used 24576K [0x0000000082a00000, 0x0000000100000000)
  region size 1024K, 23 young (23552K), 0 survivors (0K)
 Metaspace       used 12272K, committed 12416K, reserved 1064960K
  class space    used 1147K, committed 1216K, reserved 1048576K
}
Event: 0.766 GC heap after
{Heap after GC invocations=1 (full 0):
 garbage-first heap   total 129024K, used 8310K [0x0000000082a00000, 0x0000000100000000)
  region size 1024K, 3 young (3072K), 3 survivors (3072K)
 Metaspace       used 12272K, committed 12416K, reserved 1064960K
  class space    used 1147K, committed 1216K, reserved 1048576K
}
Event: 1.275 GC heap before
{Heap before GC invocations=1 (full 0):
 garbage-first heap   total 129024K, used 34934K [0x0000000082a00000, 0x0000000100000000)
  region size 1024K, 29 young (29696K), 3 survivors (3072K)
 Metaspace       used 18752K, committed 18944K, reserved 1073152K
  class space    used 1844K, committed 1920K, reserved 1048576K
}
Event: 1.280 GC heap after
{Heap after GC invocations=2 (full 0):
 garbage-first heap   total 129024K, used 11570K [0x0000000082a00000, 0x0000000100000000)
  region size 1024K, 4 young (4096K), 4 survivors (4096K)
 Metaspace       used 18752K, committed 18944K, reserved 1073152K
  class space    used 1844K, committed 1920K, reserved 1048576K
}
Event: 1.449 GC heap before
{Heap before GC invocations=2 (full 0):
 garbage-first heap   total 129024K, used 20786K [0x0000000082a00000, 0x0000000100000000)
  region size 1024K, 14 young (14336K), 4 survivors (4096K)
 Metaspace       used 21093K, committed 21248K, reserved 1073152K
  class space    used 2152K, committed 2240K, reserved 1048576K
}
Event: 1.452 GC heap after
{Heap after GC invocations=3 (full 0):
 garbage-first heap   total 129024K, used 12285K [0x0000000082a00000, 0x0000000100000000)
  region size 1024K, 4 young (4096K), 4 survivors (4096K)
 Metaspace       used 21093K, committed 21248K, reserved 1073152K
  class space    used 2152K, committed 2240K, reserved 1048576K
}
Event: 1.928 GC heap before
{Heap before GC invocations=4 (full 0):
 garbage-first heap   total 48128K, used 36861K [0x0000000082a00000, 0x0000000100000000)
  region size 1024K, 28 young (28672K), 4 survivors (4096K)
 Metaspace       used 29216K, committed 29440K, reserved 1081344K
  class space    used 3102K, committed 3200K, reserved 1048576K
}
Event: 1.936 GC heap after
{Heap after GC invocations=5 (full 0):
 garbage-first heap   total 48128K, used 15365K [0x0000000082a00000, 0x0000000100000000)
  region size 1024K, 4 young (4096K), 4 survivors (4096K)
 Metaspace       used 29216K, committed 29440K, reserved 1081344K
  class space    used 3102K, committed 3200K, reserved 1048576K
}
Event: 2.319 GC heap before
{Heap before GC invocations=5 (full 0):
 garbage-first heap   total 48128K, used 30725K [0x0000000082a00000, 0x0000000100000000)
  region size 1024K, 20 young (20480K), 4 survivors (4096K)
 Metaspace       used 33260K, committed 33536K, reserved 1081344K
  class space    used 3681K, committed 3840K, reserved 1048576K
}
Event: 2.324 GC heap after
{Heap after GC invocations=6 (full 0):
 garbage-first heap   total 48128K, used 16465K [0x0000000082a00000, 0x0000000100000000)
  region size 1024K, 2 young (2048K), 2 survivors (2048K)
 Metaspace       used 33260K, committed 33536K, reserved 1081344K
  class space    used 3681K, committed 3840K, reserved 1048576K
}
Event: 2.385 GC heap before
{Heap before GC invocations=6 (full 0):
 garbage-first heap   total 48128K, used 18513K [0x0000000082a00000, 0x0000000100000000)
  region size 1024K, 5 young (5120K), 2 survivors (2048K)
 Metaspace       used 34095K, committed 34304K, reserved 1081344K
  class space    used 3810K, committed 3904K, reserved 1048576K
}
Event: 2.387 GC heap after
{Heap after GC invocations=7 (full 0):
 garbage-first heap   total 48128K, used 16418K [0x0000000082a00000, 0x0000000100000000)
  region size 1024K, 2 young (2048K), 2 survivors (2048K)
 Metaspace       used 34095K, committed 34304K, reserved 1081344K
  class space    used 3810K, committed 3904K, reserved 1048576K
}
Event: 3.112 GC heap before
{Heap before GC invocations=7 (full 0):
 garbage-first heap   total 48128K, used 36898K [0x0000000082a00000, 0x0000000100000000)
  region size 1024K, 6 young (6144K), 2 survivors (2048K)
 Metaspace       used 35292K, committed 35520K, reserved 1081344K
  class space    used 3979K, committed 4096K, reserved 1048576K
}
Event: 3.117 GC heap after
{Heap after GC invocations=8 (full 0):
 garbage-first heap   total 58368K, used 33992K [0x0000000082a00000, 0x0000000100000000)
  region size 1024K, 2 young (2048K), 2 survivors (2048K)
 Metaspace       used 35292K, committed 35520K, reserved 1081344K
  class space    used 3979K, committed 4096K, reserved 1048576K
}
Event: 7.619 GC heap before
{Heap before GC invocations=9 (full 0):
 garbage-first heap   total 61440K, used 45256K [0x0000000082a00000, 0x0000000100000000)
  region size 1024K, 14 young (14336K), 2 survivors (2048K)
 Metaspace       used 37508K, committed 37824K, reserved 1089536K
  class space    used 4268K, committed 4416K, reserved 1048576K
}
Event: 7.624 GC heap after
{Heap after GC invocations=10 (full 0):
 garbage-first heap   total 61440K, used 35076K [0x0000000082a00000, 0x0000000100000000)
  region size 1024K, 2 young (2048K), 2 survivors (2048K)
 Metaspace       used 37508K, committed 37824K, reserved 1089536K
  class space    used 4268K, committed 4416K, reserved 1048576K
}
Event: 16.230 GC heap before
{Heap before GC invocations=10 (full 0):
 garbage-first heap   total 61440K, used 47364K [0x0000000082a00000, 0x0000000100000000)
  region size 1024K, 15 young (15360K), 2 survivors (2048K)
 Metaspace       used 38159K, committed 38400K, reserved 1089536K
  class space    used 4296K, committed 4416K, reserved 1048576K
}

