<?xml version="1.0" encoding="UTF-8"?>
<!-- Generated by org.testng.reporters.JUnitXMLReporter -->
<testsuite ignored="0" hostname="LAPTOP-UDHCLDC6" failures="0" tests="10" name="Default test" time="16.26" errors="0" timestamp="2021-10-01T16:27:19 IST">
  <testcase classname="easyMyTrip.Flights" name="NavigateToFlights" time="1.174"/>
  <testcase classname="easyMyTrip.Flights" name="selectDepartureCity" time="0.61"/>
  <testcase classname="easyMyTrip.Flights" name="selectDestinationCity" time="0.598"/>
  <testcase classname="easyMyTrip.Flights" name="selectDates" time="0.232"/>
  <testcase classname="easyMyTrip.Flights" name="checkClassSelectionTest" time="0.311"/>
  <testcase classname="easyMyTrip.Flights" name="selectTravellers" time="1.619"/>
  <testcase classname="easyMyTrip.Flights" name="chooseFlightsTest" time="2.054"/>
  <testcase classname="easyMyTrip.Flights" name="verifyFlightDetails" time="2.712"/>
  <testcase classname="easyMyTrip.Flights" name="flightDetailsTest" time="0.596"/>
  <testcase classname="easyMyTrip.Flights" name="verifyContactEmail" time="0.583"/>
</testsuite> <!-- Default test -->
