<?xml version="1.0" encoding="UTF-8"?>
<!-- Generated by org.testng.reporters.JUnitXMLReporter -->
<testsuite ignored="0" hostname="LAPTOP-UDHCLDC6" failures="0" tests="3" name="Default test" time="11.665" errors="0" timestamp="2021-10-02T18:50:50 IST">
  <testcase classname="easyMyTrip.Login" name="InvalidMobileNumberTest" time="0.593"/>
  <testcase classname="easyMyTrip.Login" name="invalidPasswordTest" time="5.132"/>
  <testcase classname="easyMyTrip.Login" name="successFullLoginTest" time="3.074"/>
</testsuite> <!-- Default test -->
