<?xml version="1.0" encoding="UTF-8"?>
<!-- Generated by org.testng.reporters.JUnitXMLReporter -->
<testsuite ignored="0" hostname="LAPTOP-UDHCLDC6" failures="0" tests="3" name="Features Testing" time="10.294" errors="0" timestamp="2021-09-30T12:09:35 IST">
  <testcase classname="easyMyTrip.Login" name="InvalidMobileNumberTest" time="0.666"/>
  <testcase classname="easyMyTrip.Login" name="invalidPasswordTest" time="4.177"/>
  <testcase classname="easyMyTrip.Login" name="successFullLoginTest" time="3.036"/>
</testsuite> <!-- Features Testing -->
