<?xml version="1.0" encoding="UTF-8"?>
<testng-results ignored="0" total="3" passed="3" failed="0" skipped="0">
  <reporter-output>
  </reporter-output>
  <suite started-at="2021-09-30T10:11:57 IST" name="Default suite" finished-at="2021-09-30T10:12:04 IST" duration-ms="7769">
    <groups>
    </groups>
    <test started-at="2021-09-30T10:11:57 IST" name="Default test" finished-at="2021-09-30T10:12:04 IST" duration-ms="7769">
      <class name="easyMyTrip.Login">
        <test-method is-config="true" signature="beforeClass()[pri:0, instance:easyMyTrip.Login@5ee34b1b]" started-at="2021-09-30T10:11:57 IST" name="beforeClass" finished-at="2021-09-30T10:11:58 IST" duration-ms="1669" status="PASS">
          <reporter-output>
          </reporter-output>
        </test-method> <!-- beforeClass -->
        <test-method signature="test1()[pri:1, instance:easyMyTrip.Login@5ee34b1b]" started-at="2021-09-30T10:11:58 IST" name="test1" finished-at="2021-09-30T10:12:00 IST" duration-ms="1888" status="PASS">
          <reporter-output>
          </reporter-output>
        </test-method> <!-- test1 -->
        <test-method signature="test2()[pri:2, instance:easyMyTrip.Login@5ee34b1b]" started-at="2021-09-30T10:12:00 IST" name="test2" finished-at="2021-09-30T10:12:01 IST" duration-ms="1091" status="PASS">
          <reporter-output>
          </reporter-output>
        </test-method> <!-- test2 -->
        <test-method signature="test3()[pri:2, instance:easyMyTrip.Login@5ee34b1b]" started-at="2021-09-30T10:12:01 IST" name="test3" finished-at="2021-09-30T10:12:04 IST" duration-ms="2444" status="PASS">
          <reporter-output>
          </reporter-output>
        </test-method> <!-- test3 -->
        <test-method is-config="true" signature="afterclass()[pri:0, instance:easyMyTrip.Login@5ee34b1b]" started-at="2021-09-30T10:12:04 IST" name="afterclass" finished-at="2021-09-30T10:12:04 IST" duration-ms="651" status="PASS">
          <reporter-output>
          </reporter-output>
        </test-method> <!-- afterclass -->
      </class> <!-- easyMyTrip.Login -->
    </test> <!-- Default test -->
  </suite> <!-- Default suite -->
</testng-results>
