<?xml version="1.0" encoding="UTF-8"?>
<testng-results ignored="0" total="1" passed="1" failed="0" skipped="0">
  <reporter-output>
  </reporter-output>
  <suite started-at="2021-09-29T14:43:37 IST" name="Default suite" finished-at="2021-09-29T14:43:41 IST" duration-ms="3696">
    <groups>
    </groups>
    <test started-at="2021-09-29T14:43:37 IST" name="Default test" finished-at="2021-09-29T14:43:41 IST" duration-ms="3696">
      <class name="easyMyTrip.Login">
        <test-method is-config="true" signature="beforeClass()[pri:0, instance:easyMyTrip.Login@194bcebf]" started-at="2021-09-29T14:43:37 IST" name="beforeClass" finished-at="2021-09-29T14:43:39 IST" duration-ms="1494" status="PASS">
          <reporter-output>
          </reporter-output>
        </test-method> <!-- beforeClass -->
        <test-method signature="test()[pri:0, instance:easyMyTrip.Login@194bcebf]" started-at="2021-09-29T14:43:39 IST" name="test" finished-at="2021-09-29T14:43:41 IST" duration-ms="2172" status="PASS">
          <reporter-output>
          </reporter-output>
        </test-method> <!-- test -->
      </class> <!-- easyMyTrip.Login -->
    </test> <!-- Default test -->
  </suite> <!-- Default suite -->
</testng-results>
