<?xml version="1.0" encoding="UTF-8"?>
<testng-results ignored="0" total="0" passed="0" failed="0" skipped="0">
  <reporter-output>
  </reporter-output>
  <suite started-at="2021-09-29T15:38:53 IST" name="Practice Suite" finished-at="2021-09-29T15:38:53 IST" duration-ms="8">
    <groups>
    </groups>
    <test started-at="2021-09-29T15:38:53 IST" name="Features Testing" finished-at="2021-09-29T15:38:53 IST" duration-ms="8">
    </test> <!-- Features Testing -->
  </suite> <!-- Practice Suite -->
</testng-results>
