<?xml version="1.0" encoding="UTF-8"?>
<testng-results ignored="2" total="3" passed="1" failed="0" skipped="0">
  <reporter-output>
  </reporter-output>
  <suite started-at="2021-09-30T09:45:01 IST" name="Default suite" finished-at="2021-09-30T09:45:06 IST" duration-ms="5520">
    <groups>
    </groups>
    <test started-at="2021-09-30T09:45:01 IST" name="Default test" finished-at="2021-09-30T09:45:06 IST" duration-ms="5520">
      <class name="easyMyTrip.Login">
        <test-method is-config="true" signature="beforeClass()[pri:0, instance:easyMyTrip.Login@21325036]" started-at="2021-09-30T09:45:01 IST" name="beforeClass" finished-at="2021-09-30T09:45:04 IST" duration-ms="3050" status="PASS">
          <reporter-output>
          </reporter-output>
        </test-method> <!-- beforeClass -->
        <test-method signature="test3()[pri:0, instance:easyMyTrip.Login@21325036]" started-at="2021-09-30T09:45:04 IST" name="test3" finished-at="2021-09-30T09:45:06 IST" duration-ms="2137" status="PASS">
          <reporter-output>
          </reporter-output>
        </test-method> <!-- test3 -->
        <test-method is-config="true" signature="afterclass()[pri:0, instance:easyMyTrip.Login@21325036]" started-at="2021-09-30T09:45:06 IST" name="afterclass" finished-at="2021-09-30T09:45:06 IST" duration-ms="280" status="PASS">
          <reporter-output>
          </reporter-output>
        </test-method> <!-- afterclass -->
      </class> <!-- easyMyTrip.Login -->
    </test> <!-- Default test -->
  </suite> <!-- Default suite -->
</testng-results>
