<?xml version="1.0" encoding="UTF-8"?>
<testng-results ignored="0" total="1" passed="1" failed="0" skipped="0">
  <reporter-output>
  </reporter-output>
  <suite started-at="2021-09-29T15:10:08 IST" name="Default suite" finished-at="2021-09-29T15:10:12 IST" duration-ms="3807">
    <groups>
    </groups>
    <test started-at="2021-09-29T15:10:08 IST" name="Default test" finished-at="2021-09-29T15:10:12 IST" duration-ms="3807">
      <class name="easyMyTrip.Login">
        <test-method signature="test()[pri:0, instance:easyMyTrip.Login@20ed3303]" started-at="2021-09-29T15:10:08 IST" name="test" finished-at="2021-09-29T15:10:12 IST" duration-ms="3630" status="PASS">
          <reporter-output>
          </reporter-output>
        </test-method> <!-- test -->
        <test-method is-config="true" signature="afterclass()[pri:0, instance:easyMyTrip.Login@20ed3303]" started-at="2021-09-29T15:10:12 IST" name="afterclass" finished-at="2021-09-29T15:10:12 IST" duration-ms="137" status="PASS">
          <reporter-output>
          </reporter-output>
        </test-method> <!-- afterclass -->
      </class> <!-- easyMyTrip.Login -->
    </test> <!-- Default test -->
  </suite> <!-- Default suite -->
</testng-results>
