<?xml version="1.0" encoding="UTF-8"?>
<testng-results ignored="0" total="17" passed="17" failed="0" skipped="0">
  <reporter-output>
  </reporter-output>
  <suite started-at="2021-10-04T10:25:36 IST" name="Default suite" finished-at="2021-10-04T10:26:00 IST" duration-ms="23864">
    <groups>
    </groups>
    <test started-at="2021-10-04T10:25:36 IST" name="Default test" finished-at="2021-10-04T10:26:00 IST" duration-ms="23864">
      <class name="easyMyTrip.Flights">
        <test-method is-config="true" signature="beforeClass()[pri:0, instance:easyMyTrip.Flights@25290bca]" started-at="2021-10-04T10:25:36 IST" name="beforeClass" finished-at="2021-10-04T10:25:39 IST" duration-ms="3185" status="PASS">
          <reporter-output>
          </reporter-output>
        </test-method> <!-- beforeClass -->
        <test-method signature="NavigateToFlights()[pri:1, instance:easyMyTrip.Flights@25290bca]" started-at="2021-10-04T10:25:39 IST" name="NavigateToFlights" finished-at="2021-10-04T10:25:40 IST" duration-ms="739" status="PASS">
          <reporter-output>
          </reporter-output>
        </test-method> <!-- NavigateToFlights -->
        <test-method signature="selectDepartureCity()[pri:2, instance:easyMyTrip.Flights@25290bca]" started-at="2021-10-04T10:25:40 IST" name="selectDepartureCity" finished-at="2021-10-04T10:25:40 IST" duration-ms="671" status="PASS">
          <reporter-output>
          </reporter-output>
        </test-method> <!-- selectDepartureCity -->
        <test-method signature="selectDestinationCity()[pri:3, instance:easyMyTrip.Flights@25290bca]" started-at="2021-10-04T10:25:40 IST" name="selectDestinationCity" finished-at="2021-10-04T10:25:41 IST" duration-ms="584" status="PASS">
          <reporter-output>
          </reporter-output>
        </test-method> <!-- selectDestinationCity -->
        <test-method signature="selectDates()[pri:4, instance:easyMyTrip.Flights@25290bca]" started-at="2021-10-04T10:25:41 IST" name="selectDates" finished-at="2021-10-04T10:25:41 IST" duration-ms="184" status="PASS">
          <reporter-output>
          </reporter-output>
        </test-method> <!-- selectDates -->
        <test-method signature="checkClassSelectionTest()[pri:5, instance:easyMyTrip.Flights@25290bca]" started-at="2021-10-04T10:25:41 IST" name="checkClassSelectionTest" finished-at="2021-10-04T10:25:41 IST" duration-ms="187" status="PASS">
          <reporter-output>
          </reporter-output>
        </test-method> <!-- checkClassSelectionTest -->
        <test-method signature="selectTravellers()[pri:6, instance:easyMyTrip.Flights@25290bca]" started-at="2021-10-04T10:25:41 IST" name="selectTravellers" finished-at="2021-10-04T10:25:43 IST" duration-ms="1855" status="PASS">
          <reporter-output>
          </reporter-output>
        </test-method> <!-- selectTravellers -->
        <test-method signature="chooseFlightsTest()[pri:7, instance:easyMyTrip.Flights@25290bca]" started-at="2021-10-04T10:25:43 IST" name="chooseFlightsTest" finished-at="2021-10-04T10:25:44 IST" duration-ms="578" status="PASS">
          <reporter-output>
          </reporter-output>
        </test-method> <!-- chooseFlightsTest -->
        <test-method signature="verifyFlightDetails()[pri:8, instance:easyMyTrip.Flights@25290bca]" started-at="2021-10-04T10:25:44 IST" name="verifyFlightDetails" finished-at="2021-10-04T10:25:47 IST" duration-ms="3202" status="PASS">
          <reporter-output>
          </reporter-output>
        </test-method> <!-- verifyFlightDetails -->
        <test-method signature="flightDetailsTest()[pri:9, instance:easyMyTrip.Flights@25290bca]" started-at="2021-10-04T10:25:47 IST" name="flightDetailsTest" finished-at="2021-10-04T10:25:47 IST" duration-ms="484" status="PASS">
          <reporter-output>
          </reporter-output>
        </test-method> <!-- flightDetailsTest -->
        <test-method signature="emailErrorMsgTest()[pri:10, instance:easyMyTrip.Flights@25290bca]" started-at="2021-10-04T10:25:47 IST" name="emailErrorMsgTest" finished-at="2021-10-04T10:25:48 IST" duration-ms="251" status="PASS">
          <reporter-output>
          </reporter-output>
        </test-method> <!-- emailErrorMsgTest -->
        <test-method signature="verifyContactEmail()[pri:11, instance:easyMyTrip.Flights@25290bca]" started-at="2021-10-04T10:25:48 IST" name="verifyContactEmail" finished-at="2021-10-04T10:25:48 IST" duration-ms="141" status="PASS">
          <reporter-output>
          </reporter-output>
        </test-method> <!-- verifyContactEmail -->
        <test-method signature="invalidNumberTest()[pri:12, instance:easyMyTrip.Flights@25290bca]" started-at="2021-10-04T10:25:48 IST" name="invalidNumberTest" finished-at="2021-10-04T10:25:48 IST" duration-ms="232" status="PASS">
          <reporter-output>
          </reporter-output>
        </test-method> <!-- invalidNumberTest -->
        <test-method signature="verifyContactNumber()[pri:13, instance:easyMyTrip.Flights@25290bca]" started-at="2021-10-04T10:25:48 IST" name="verifyContactNumber" finished-at="2021-10-04T10:25:48 IST" duration-ms="249" status="PASS">
          <reporter-output>
          </reporter-output>
        </test-method> <!-- verifyContactNumber -->
        <test-method signature="firstNameInputTest()[pri:14, instance:easyMyTrip.Flights@25290bca]" started-at="2021-10-04T10:25:48 IST" name="firstNameInputTest" finished-at="2021-10-04T10:25:49 IST" duration-ms="240" status="PASS">
          <reporter-output>
          </reporter-output>
        </test-method> <!-- firstNameInputTest -->
        <test-method signature="lastNameInputTest()[pri:15, instance:easyMyTrip.Flights@25290bca]" started-at="2021-10-04T10:25:49 IST" name="lastNameInputTest" finished-at="2021-10-04T10:25:49 IST" duration-ms="69" status="PASS">
          <reporter-output>
          </reporter-output>
        </test-method> <!-- lastNameInputTest -->
        <test-method signature="passengerTitleTest()[pri:16, instance:easyMyTrip.Flights@25290bca]" started-at="2021-10-04T10:25:49 IST" name="passengerTitleTest" finished-at="2021-10-04T10:25:49 IST" duration-ms="138" status="PASS">
          <reporter-output>
          </reporter-output>
        </test-method> <!-- passengerTitleTest -->
        <test-method signature="paymentTest()[pri:17, instance:easyMyTrip.Flights@25290bca]" started-at="2021-10-04T10:25:49 IST" name="paymentTest" finished-at="2021-10-04T10:25:59 IST" duration-ms="9799" status="PASS">
          <reporter-output>
          </reporter-output>
        </test-method> <!-- paymentTest -->
        <test-method is-config="true" signature="afterClass()[pri:0, instance:easyMyTrip.Flights@25290bca]" started-at="2021-10-04T10:25:59 IST" name="afterClass" finished-at="2021-10-04T10:26:00 IST" duration-ms="1028" status="PASS">
          <reporter-output>
          </reporter-output>
        </test-method> <!-- afterClass -->
      </class> <!-- easyMyTrip.Flights -->
    </test> <!-- Default test -->
  </suite> <!-- Default suite -->
</testng-results>
