<?xml version="1.0" encoding="UTF-8"?>
<testng-results ignored="3" total="4" passed="1" failed="0" skipped="0">
  <reporter-output>
  </reporter-output>
  <suite started-at="2021-10-01T09:54:31 IST" name="Default suite" finished-at="2021-10-01T09:54:39 IST" duration-ms="8137">
    <groups>
    </groups>
    <test started-at="2021-10-01T09:54:31 IST" name="Default test" finished-at="2021-10-01T09:54:39 IST" duration-ms="8137">
      <class name="easyMyTrip.Login">
        <test-method is-config="true" signature="beforeClass()[pri:0, instance:easyMyTrip.Login@7d755813]" started-at="2021-10-01T09:54:31 IST" name="beforeClass" finished-at="2021-10-01T09:54:35 IST" duration-ms="4223" status="PASS">
          <reporter-output>
          </reporter-output>
        </test-method> <!-- beforeClass -->
        <test-method signature="successFullLoginTest()[pri:3, instance:easyMyTrip.Login@7d755813]" started-at="2021-10-01T09:54:35 IST" name="successFullLoginTest" finished-at="2021-10-01T09:54:39 IST" duration-ms="3697" status="PASS">
          <reporter-output>
          </reporter-output>
        </test-method> <!-- successFullLoginTest -->
        <test-method is-config="true" signature="afterclass()[pri:0, instance:easyMyTrip.Login@7d755813]" started-at="2021-10-01T09:54:39 IST" name="afterclass" finished-at="2021-10-01T09:54:39 IST" duration-ms="191" status="PASS">
          <reporter-output>
          </reporter-output>
        </test-method> <!-- afterclass -->
      </class> <!-- easyMyTrip.Login -->
    </test> <!-- Default test -->
  </suite> <!-- Default suite -->
</testng-results>
