<?xml version="1.0" encoding="UTF-8"?>
<testng-results ignored="0" total="3" passed="3" failed="0" skipped="0">
  <reporter-output>
  </reporter-output>
  <suite started-at="2021-09-30T12:09:25 IST" name="easeMyTrip Testing Suite" finished-at="2021-09-30T12:09:35 IST" duration-ms="10294">
    <groups>
    </groups>
    <test started-at="2021-09-30T12:09:25 IST" name="Features Testing" finished-at="2021-09-30T12:09:35 IST" duration-ms="10294">
      <class name="easyMyTrip.Login">
        <test-method is-config="true" signature="beforeClass()[pri:0, instance:easyMyTrip.Login@4bee18dc]" started-at="2021-09-30T12:09:25 IST" name="beforeClass" finished-at="2021-09-30T12:09:27 IST" duration-ms="2150" status="PASS">
          <reporter-output>
          </reporter-output>
        </test-method> <!-- beforeClass -->
        <test-method signature="InvalidMobileNumberTest()[pri:1, instance:easyMyTrip.Login@4bee18dc]" started-at="2021-09-30T12:09:27 IST" name="InvalidMobileNumberTest" finished-at="2021-09-30T12:09:28 IST" duration-ms="666" status="PASS">
          <reporter-output>
          </reporter-output>
        </test-method> <!-- InvalidMobileNumberTest -->
        <test-method signature="invalidPasswordTest()[pri:2, instance:easyMyTrip.Login@4bee18dc]" started-at="2021-09-30T12:09:28 IST" name="invalidPasswordTest" finished-at="2021-09-30T12:09:32 IST" duration-ms="4177" status="PASS">
          <reporter-output>
          </reporter-output>
        </test-method> <!-- invalidPasswordTest -->
        <test-method signature="successFullLoginTest()[pri:3, instance:easyMyTrip.Login@4bee18dc]" started-at="2021-09-30T12:09:32 IST" name="successFullLoginTest" finished-at="2021-09-30T12:09:35 IST" duration-ms="3036" status="PASS">
          <reporter-output>
          </reporter-output>
        </test-method> <!-- successFullLoginTest -->
        <test-method is-config="true" signature="afterclass()[pri:0, instance:easyMyTrip.Login@4bee18dc]" started-at="2021-09-30T12:09:35 IST" name="afterclass" finished-at="2021-09-30T12:09:35 IST" duration-ms="196" status="PASS">
          <reporter-output>
          </reporter-output>
        </test-method> <!-- afterclass -->
      </class> <!-- easyMyTrip.Login -->
    </test> <!-- Features Testing -->
  </suite> <!-- easeMyTrip Testing Suite -->
</testng-results>
