<?xml version="1.0" encoding="UTF-8"?>
<testng-results ignored="0" total="13" passed="13" failed="0" skipped="0">
  <reporter-output>
  </reporter-output>
  <suite started-at="2021-10-02T12:32:51 IST" name="Default suite" finished-at="2021-10-02T12:33:15 IST" duration-ms="24178">
    <groups>
    </groups>
    <test started-at="2021-10-02T12:32:51 IST" name="Default test" finished-at="2021-10-02T12:33:15 IST" duration-ms="24178">
      <class name="easyMyTrip.FlightsOneTrip">
        <test-method is-config="true" signature="beforeClass()[pri:0, instance:easyMyTrip.FlightsOneTrip@2af69643]" started-at="2021-10-02T12:32:51 IST" name="beforeClass" finished-at="2021-10-02T12:32:53 IST" duration-ms="2262" status="PASS">
          <reporter-output>
          </reporter-output>
        </test-method> <!-- beforeClass -->
        <test-method signature="NavigateToOneWay()[pri:1, instance:easyMyTrip.FlightsOneTrip@2af69643]" started-at="2021-10-02T12:32:53 IST" name="NavigateToOneWay" finished-at="2021-10-02T12:32:55 IST" duration-ms="2099" status="PASS">
          <reporter-output>
          </reporter-output>
        </test-method> <!-- NavigateToOneWay -->
        <test-method signature="departureCitySelect()[pri:2, instance:easyMyTrip.FlightsOneTrip@2af69643]" started-at="2021-10-02T12:32:55 IST" name="departureCitySelect" finished-at="2021-10-02T12:32:56 IST" duration-ms="715" status="PASS">
          <reporter-output>
          </reporter-output>
        </test-method> <!-- departureCitySelect -->
        <test-method signature="selectDestinationCity()[pri:3, instance:easyMyTrip.FlightsOneTrip@2af69643]" started-at="2021-10-02T12:32:56 IST" name="selectDestinationCity" finished-at="2021-10-02T12:32:56 IST" duration-ms="229" status="PASS">
          <reporter-output>
          </reporter-output>
        </test-method> <!-- selectDestinationCity -->
        <test-method signature="dateSelect()[pri:4, instance:easyMyTrip.FlightsOneTrip@2af69643]" started-at="2021-10-02T12:32:56 IST" name="dateSelect" finished-at="2021-10-02T12:32:56 IST" duration-ms="145" status="PASS">
          <reporter-output>
          </reporter-output>
        </test-method> <!-- dateSelect -->
        <test-method signature="checkClassSelection()[pri:5, instance:easyMyTrip.FlightsOneTrip@2af69643]" started-at="2021-10-02T12:32:56 IST" name="checkClassSelection" finished-at="2021-10-02T12:32:57 IST" duration-ms="450" status="PASS">
          <reporter-output>
          </reporter-output>
        </test-method> <!-- checkClassSelection -->
        <test-method signature="selectTravellers()[pri:6, instance:easyMyTrip.FlightsOneTrip@2af69643]" started-at="2021-10-02T12:32:57 IST" name="selectTravellers" finished-at="2021-10-02T12:33:00 IST" duration-ms="3934" status="PASS">
          <reporter-output>
          </reporter-output>
        </test-method> <!-- selectTravellers -->
        <test-method signature="selectFare()[pri:7, instance:easyMyTrip.FlightsOneTrip@2af69643]" started-at="2021-10-02T12:33:00 IST" name="selectFare" finished-at="2021-10-02T12:33:04 IST" duration-ms="3172" status="PASS">
          <reporter-output>
          </reporter-output>
        </test-method> <!-- selectFare -->
        <test-method signature="refundPolicy()[pri:8, instance:easyMyTrip.FlightsOneTrip@2af69643]" started-at="2021-10-02T12:33:04 IST" name="refundPolicy" finished-at="2021-10-02T12:33:04 IST" duration-ms="326" status="PASS">
          <reporter-output>
          </reporter-output>
        </test-method> <!-- refundPolicy -->
        <test-method signature="travelInsurance()[pri:9, instance:easyMyTrip.FlightsOneTrip@2af69643]" started-at="2021-10-02T12:33:04 IST" name="travelInsurance" finished-at="2021-10-02T12:33:04 IST" duration-ms="268" status="PASS">
          <reporter-output>
          </reporter-output>
        </test-method> <!-- travelInsurance -->
        <test-method signature="contactEmail()[pri:10, instance:easyMyTrip.FlightsOneTrip@2af69643]" started-at="2021-10-02T12:33:04 IST" name="contactEmail" finished-at="2021-10-02T12:33:05 IST" duration-ms="562" status="PASS">
          <reporter-output>
          </reporter-output>
        </test-method> <!-- contactEmail -->
        <test-method signature="enterPhoneNumber()[pri:11, instance:easyMyTrip.FlightsOneTrip@2af69643]" started-at="2021-10-02T12:33:05 IST" name="enterPhoneNumber" finished-at="2021-10-02T12:33:10 IST" duration-ms="5544" status="PASS">
          <reporter-output>
          </reporter-output>
        </test-method> <!-- enterPhoneNumber -->
        <test-method signature="couponOffer()[pri:12, instance:easyMyTrip.FlightsOneTrip@2af69643]" started-at="2021-10-02T12:33:10 IST" name="couponOffer" finished-at="2021-10-02T12:33:10 IST" duration-ms="121" status="PASS">
          <reporter-output>
          </reporter-output>
        </test-method> <!-- couponOffer -->
        <test-method signature="travellerDetails()[pri:13, instance:easyMyTrip.FlightsOneTrip@2af69643]" started-at="2021-10-02T12:33:10 IST" name="travellerDetails" finished-at="2021-10-02T12:33:11 IST" duration-ms="980" status="PASS">
          <reporter-output>
          </reporter-output>
        </test-method> <!-- travellerDetails -->
        <test-method is-config="true" signature="afterClass()[pri:0, instance:easyMyTrip.FlightsOneTrip@2af69643]" started-at="2021-10-02T12:33:11 IST" name="afterClass" finished-at="2021-10-02T12:33:15 IST" duration-ms="3249" status="PASS">
          <reporter-output>
          </reporter-output>
        </test-method> <!-- afterClass -->
      </class> <!-- easyMyTrip.FlightsOneTrip -->
    </test> <!-- Default test -->
  </suite> <!-- Default suite -->
</testng-results>
