<?xml version="1.0" encoding="UTF-8"?>
<!-- Generated by org.testng.reporters.JUnitXMLReporter -->
<testsuite ignored="0" hostname="LAPTOP-UDHCLDC6" failures="0" tests="13" name="Flights one trip" time="26.116" errors="0" timestamp="2021-10-02T19:01:34 IST">
  <testcase classname="easyMyTrip.FlightsOneTrip" name="NavigateToOneWay" time="2.337"/>
  <testcase classname="easyMyTrip.FlightsOneTrip" name="departureCitySelect" time="0.611"/>
  <testcase classname="easyMyTrip.FlightsOneTrip" name="selectDestinationCity" time="0.269"/>
  <testcase classname="easyMyTrip.FlightsOneTrip" name="dateSelect" time="0.215"/>
  <testcase classname="easyMyTrip.FlightsOneTrip" name="checkClassSelection" time="0.405"/>
  <testcase classname="easyMyTrip.FlightsOneTrip" name="selectTravellers" time="2.649"/>
  <testcase classname="easyMyTrip.FlightsOneTrip" name="selectFare" time="4.073"/>
  <testcase classname="easyMyTrip.FlightsOneTrip" name="refundPolicy" time="0.334"/>
  <testcase classname="easyMyTrip.FlightsOneTrip" name="travelInsurance" time="0.311"/>
  <testcase classname="easyMyTrip.FlightsOneTrip" name="contactEmail" time="0.691"/>
  <testcase classname="easyMyTrip.FlightsOneTrip" name="enterPhoneNumber" time="5.474"/>
  <testcase classname="easyMyTrip.FlightsOneTrip" name="couponOffer" time="0.214"/>
  <testcase classname="easyMyTrip.FlightsOneTrip" name="travellerDetails" time="1.089"/>
</testsuite> <!-- Flights one trip -->
