<?xml version="1.0" encoding="UTF-8"?>
<!-- Generated by org.testng.reporters.JUnitXMLReporter -->
<testsuite ignored="0" hostname="LAPTOP-UDHCLDC6" failures="0" tests="16" name="Flight round trip" time="14.085" errors="0" timestamp="2021-10-03T15:42:11 IST">
  <testcase classname="easyMyTrip.Flights" name="NavigateToFlights" time="1.947"/>
  <testcase classname="easyMyTrip.Flights" name="selectDepartureCity" time="0.587"/>
  <testcase classname="easyMyTrip.Flights" name="selectDestinationCity" time="0.569"/>
  <testcase classname="easyMyTrip.Flights" name="selectDates" time="0.245"/>
  <testcase classname="easyMyTrip.Flights" name="checkClassSelectionTest" time="0.278"/>
  <testcase classname="easyMyTrip.Flights" name="selectTravellers" time="1.787"/>
  <testcase classname="easyMyTrip.Flights" name="chooseFlightsTest" time="0.766"/>
  <testcase classname="easyMyTrip.Flights" name="verifyFlightDetails" time="2.581"/>
  <testcase classname="easyMyTrip.Flights" name="flightDetailsTest" time="0.694"/>
  <testcase classname="easyMyTrip.Flights" name="emailErrorMsgTest" time="0.401"/>
  <testcase classname="easyMyTrip.Flights" name="verifyContactEmail" time="0.229"/>
  <testcase classname="easyMyTrip.Flights" name="invalidNumberTest" time="0.433"/>
  <testcase classname="easyMyTrip.Flights" name="verifyContactNumber" time="0.277"/>
  <testcase classname="easyMyTrip.Flights" name="firstNameInputTest" time="0.325"/>
  <testcase classname="easyMyTrip.Flights" name="lastNameInputTest" time="0.167"/>
  <testcase classname="easyMyTrip.Flights" name="passengerTitleTest" time="0.177"/>
</testsuite> <!-- Flight round trip -->
