<?xml version="1.0" encoding="UTF-8"?>
<!-- Generated by org.testng.reporters.JUnitXMLReporter -->
<testsuite ignored="0" hostname="LAPTOP-UDHCLDC6" failures="0" tests="12" name="Flight one trip" time="29.449" errors="0" timestamp="2021-10-02T18:55:38 IST">
  <testcase classname="easyMyTrip.Flights" name="NavigateToFlights" time="1.538"/>
  <testcase classname="easyMyTrip.Flights" name="selectDepartureCity" time="0.782"/>
  <testcase classname="easyMyTrip.Flights" name="selectDestinationCity" time="0.693"/>
  <testcase classname="easyMyTrip.Flights" name="selectDates" time="0.334"/>
  <testcase classname="easyMyTrip.Flights" name="checkClassSelectionTest" time="0.487"/>
  <testcase classname="easyMyTrip.Flights" name="selectTravellers" time="6.307"/>
  <testcase classname="easyMyTrip.Flights" name="chooseFlightsTest" time="0.299"/>
  <testcase classname="easyMyTrip.Flights" name="verifyFlightDetails" time="9.642"/>
  <testcase classname="easyMyTrip.Flights" name="flightDetailsTest" time="0.734"/>
  <testcase classname="easyMyTrip.Flights" name="verifyContactEmail" time="0.686"/>
  <testcase classname="easyMyTrip.Flights" name="verifyContactNumber" time="0.793"/>
  <testcase classname="easyMyTrip.Flights" name="verifyPassengerDetails" time="0.628"/>
</testsuite> <!-- Flight one trip -->
