<?xml version="1.0" encoding="UTF-8"?>
<!-- Generated by org.testng.reporters.JUnitXMLReporter -->
<testsuite ignored="0" hostname="LAPTOP-UDHCLDC6" failures="2" tests="14" name="Flights one trip" time="23.073" errors="0" timestamp="2021-10-03T15:41:57 IST">
  <testcase classname="easyMyTrip.FlightsOneTrip" name="NavigateToOneWay" time="1.171"/>
  <testcase classname="easyMyTrip.FlightsOneTrip" name="departureCitySelect" time="0.605"/>
  <testcase classname="easyMyTrip.FlightsOneTrip" name="selectDestinationCity" time="0.228"/>
  <testcase classname="easyMyTrip.FlightsOneTrip" name="dateSelect" time="0.25"/>
  <testcase classname="easyMyTrip.FlightsOneTrip" name="checkClassSelection" time="0.377"/>
  <testcase classname="easyMyTrip.FlightsOneTrip" name="selectTravellers" time="2.116"/>
  <testcase classname="easyMyTrip.FlightsOneTrip" name="selectFare" time="4.101"/>
  <testcase classname="easyMyTrip.FlightsOneTrip" name="refundPolicy" time="0.436"/>
  <testcase classname="easyMyTrip.FlightsOneTrip" name="travelInsurance" time="0.487"/>
  <testcase classname="easyMyTrip.FlightsOneTrip" name="contactEmail" time="0.823"/>
  <testcase classname="easyMyTrip.FlightsOneTrip" name="enterPhoneNumber" time="5.481"/>
  <testcase classname="easyMyTrip.FlightsOneTrip" name="couponOffer" time="0.051">
    <failure type="java.lang.AssertionError" message="expected [5,178] but found [5,177]">
      <![CDATA[java.lang.AssertionError: expected [5,178] but found [5,177]
at easyMyTrip.FlightsOneTrip.couponOffer(FlightsOneTrip.java:144)
at java.base/java.util.ArrayList.forEach(ArrayList.java:1511)
... Removed 33 stack frames]]>
    </failure>
  </testcase> <!-- couponOffer -->
  <testcase classname="easyMyTrip.FlightsOneTrip" name="travellerDetails" time="0.532"/>
  <testcase classname="easyMyTrip.FlightsOneTrip" name="preferenceTest" time="0.802">
    <failure type="java.lang.AssertionError" message="expected [4,078] but found [5,177]">
      <![CDATA[java.lang.AssertionError: expected [4,078] but found [5,177]
at easyMyTrip.FlightsOneTrip.preferenceTest(FlightsOneTrip.java:175)
at java.base/java.util.ArrayList.forEach(ArrayList.java:1511)
... Removed 33 stack frames]]>
    </failure>
  </testcase> <!-- preferenceTest -->
</testsuite> <!-- Flights one trip -->
