<?xml version="1.0" encoding="UTF-8"?>
<!-- Generated by org.testng.reporters.JUnitXMLReporter -->
<testsuite ignored="0" hostname="LAPTOP-UDHCLDC6" failures="0" tests="13" name="Flights" time="27.993" errors="0" timestamp="2021-10-02T18:55:08 IST">
  <testcase classname="easyMyTrip.FlightsOneTrip" name="NavigateToOneWay" time="0.816"/>
  <testcase classname="easyMyTrip.FlightsOneTrip" name="departureCitySelect" time="0.997"/>
  <testcase classname="easyMyTrip.FlightsOneTrip" name="selectDestinationCity" time="0.192"/>
  <testcase classname="easyMyTrip.FlightsOneTrip" name="dateSelect" time="0.132"/>
  <testcase classname="easyMyTrip.FlightsOneTrip" name="checkClassSelection" time="0.321"/>
  <testcase classname="easyMyTrip.FlightsOneTrip" name="selectTravellers" time="2.014"/>
  <testcase classname="easyMyTrip.FlightsOneTrip" name="selectFare" time="7.027"/>
  <testcase classname="easyMyTrip.FlightsOneTrip" name="refundPolicy" time="0.277"/>
  <testcase classname="easyMyTrip.FlightsOneTrip" name="travelInsurance" time="0.322"/>
  <testcase classname="easyMyTrip.FlightsOneTrip" name="contactEmail" time="0.612"/>
  <testcase classname="easyMyTrip.FlightsOneTrip" name="enterPhoneNumber" time="5.557"/>
  <testcase classname="easyMyTrip.FlightsOneTrip" name="couponOffer" time="0.296"/>
  <testcase classname="easyMyTrip.FlightsOneTrip" name="travellerDetails" time="1.708"/>
</testsuite> <!-- Flights -->
