<?xml version="1.0" encoding="UTF-8"?>
<!-- Generated by org.testng.reporters.JUnitXMLReporter -->
<testsuite ignored="0" hostname="LAPTOP-UDHCLDC6" failures="0" tests="12" name="Flight round trip" time="17.72" errors="0" timestamp="2021-10-02T19:01:52 IST">
  <testcase classname="easyMyTrip.Flights" name="NavigateToFlights" time="1.85"/>
  <testcase classname="easyMyTrip.Flights" name="selectDepartureCity" time="0.718"/>
  <testcase classname="easyMyTrip.Flights" name="selectDestinationCity" time="0.586"/>
  <testcase classname="easyMyTrip.Flights" name="selectDates" time="0.241"/>
  <testcase classname="easyMyTrip.Flights" name="checkClassSelectionTest" time="0.242"/>
  <testcase classname="easyMyTrip.Flights" name="selectTravellers" time="1.855"/>
  <testcase classname="easyMyTrip.Flights" name="chooseFlightsTest" time="0.727"/>
  <testcase classname="easyMyTrip.Flights" name="verifyFlightDetails" time="3.204"/>
  <testcase classname="easyMyTrip.Flights" name="flightDetailsTest" time="0.692"/>
  <testcase classname="easyMyTrip.Flights" name="verifyContactEmail" time="0.553"/>
  <testcase classname="easyMyTrip.Flights" name="verifyContactNumber" time="0.72"/>
  <testcase classname="easyMyTrip.Flights" name="verifyPassengerDetails" time="0.468"/>
</testsuite> <!-- Flight round trip -->
