<?xml version="1.0" encoding="UTF-8"?>
<!-- Generated by org.testng.reporters.JUnitXMLReporter -->
<testsuite ignored="0" hostname="LAPTOP-UDHCLDC6" failures="0" tests="12" name="Hotels" time="32.561" errors="0" timestamp="2021-10-03T15:42:43 IST">
  <testcase classname="easyMyTrip.Hotels" name="navigationToHotels" time="1.189"/>
  <testcase classname="easyMyTrip.Hotels" name="HotelLocationEnable" time="0.251"/>
  <testcase classname="easyMyTrip.Hotels" name="SelectHotelLocation" time="2.41"/>
  <testcase classname="easyMyTrip.Hotels" name="selectDates" time="0.434"/>
  <testcase classname="easyMyTrip.Hotels" name="addGuests" time="1.321"/>
  <testcase classname="easyMyTrip.Hotels" name="searchHotel" time="1.121"/>
  <testcase classname="easyMyTrip.Hotels" name="applyingFilters" time="5.035"/>
  <testcase classname="easyMyTrip.Hotels" name="selectingHotel" time="0.308"/>
  <testcase classname="easyMyTrip.Hotels" name="bookHotel" time="2.074"/>
  <testcase classname="easyMyTrip.Hotels" name="passengerDetails" time="1.404"/>
  <testcase classname="easyMyTrip.Hotels" name="personalDetails" time="0.417"/>
  <testcase classname="easyMyTrip.Hotels" name="paymentDetails" time="4.376"/>
</testsuite> <!-- Hotels -->
