<?xml version="1.0" encoding="UTF-8"?>
<!-- Generated by org.testng.reporters.JUnitXMLReporter -->
<testsuite ignored="0" hostname="LAPTOP-UDHCLDC6" failures="0" tests="3" name="Login" time="10.486" errors="0" timestamp="2021-10-03T15:42:54 IST">
  <testcase classname="easyMyTrip.Login" name="InvalidMobileNumberTest" time="0.597"/>
  <testcase classname="easyMyTrip.Login" name="invalidPasswordTest" time="4.514"/>
  <testcase classname="easyMyTrip.Login" name="successFullLoginTest" time="2.873"/>
</testsuite> <!-- Login -->
