<?xml version="1.0" encoding="UTF-8"?>
<!-- Generated by org.testng.reporters.JUnitXMLReporter -->
<testsuite ignored="0" hostname="LAPTOP-UDHCLDC6" failures="0" tests="3" name="Login" time="10.675" errors="0" timestamp="2021-10-02T19:02:03 IST">
  <testcase classname="easyMyTrip.Login" name="InvalidMobileNumberTest" time="0.515"/>
  <testcase classname="easyMyTrip.Login" name="invalidPasswordTest" time="5.019"/>
  <testcase classname="easyMyTrip.Login" name="successFullLoginTest" time="2.038"/>
</testsuite> <!-- Login -->
